<?xml version="1.0" encoding="UTF-8"?>
<testsuite xmlns:xsi="http://www.w3.org/2001/XMLSchema-instance" xsi:noNamespaceSchemaLocation="https://maven.apache.org/surefire/maven-surefire-plugin/xsd/surefire-test-report-3.0.xsd" version="3.0" name="br.edu.cesar.runners.CucumberRunner" time="0.529" tests="36" errors="0" skipped="0" failures="0">
  <properties>
[...]
</properties>
  <testcase name="Criar evento com sucesso" classname="Criar Evento" time="0.049">
    <system-out><![CDATA[
Cenário: Criar evento com sucesso                   # src/test/resources/features/CriarEvento.feature:7
  Dado que eu sou um organizador                    # br.edu.cesar.steps.CriarEventoSteps.queEuSouUmOrganizador()
  Quando eu criar um evento com os seguintes dados: # br.edu.cesar.steps.CriarEventoSteps.euCriarUmEventoComOsSeguintesDados(io.cucumber.datatable.DataTable)
    | nome      | Local Tech Conference 2024 |
    | data      | 2024-12-01                 |
    | local     | Centro de Convenções       |
    | categoria | Tecnologia                 |
  Então o evento deve ser criado com sucesso        # br.edu.cesar.steps.CriarEventoSteps.oEventoDeveSerCriadoComSucesso()
  E devo receber uma confirmação                    # br.edu.cesar.steps.CriarEventoSteps.devoReceberUmaConfirmacao()
]]></system-out>
  </testcase>
  <testcase name="Tentar criar evento sem nome" classname="Criar Evento" time="0.005">
    <system-out><![CDATA[
Cenário: Tentar criar evento sem nome                                         # src/test/resources/features/CriarEvento.feature:17
  Dado que eu sou um organizador                                              # br.edu.cesar.steps.CriarEventoSteps.queEuSouUmOrganizador()
  Quando eu tentar criar um evento sem nome                                   # br.edu.cesar.steps.CriarEventoSteps.euTentarCriarUmEventoSemNome()
  Então devo receber uma mensagem de erro informando que o nome é obrigatório # br.edu.cesar.steps.CriarEventoSteps.devoReceberUmaMensagemDeErroInformandoQueONomeEObrigatorio()
]]></system-out>
  </testcase>
  <testcase name="Filtrar eventos por gênero" classname="Filtrar Eventos" time="0.016">
    <system-out><![CDATA[
Cenário: Filtrar eventos por gênero                  # src/test/resources/features/FiltrarEventos.feature:7
  Dado que existem eventos cadastrados na plataforma # br.edu.cesar.steps.FiltrarEventosSteps.queExistemEventosCadastradosNaPlataforma()
  Quando eu filtrar eventos por gênero "Música"      # br.edu.cesar.steps.FiltrarEventosSteps.euFiltrarEventosPorGenero(java.lang.String)
  Então devo ver apenas eventos do gênero "Música"   # br.edu.cesar.steps.FiltrarEventosSteps.devoVerApenasEventosDoGenero(java.lang.String)
]]></system-out>
  </testcase>
  <testcase name="Filtrar eventos por horário" classname="Filtrar Eventos" time="0.006">
    <system-out><![CDATA[
Cenário: Filtrar eventos por horário                  # src/test/resources/features/FiltrarEventos.feature:12
  Dado que existem eventos cadastrados na plataforma  # br.edu.cesar.steps.FiltrarEventosSteps.queExistemEventosCadastradosNaPlataforma()
  Quando eu filtrar eventos por horário "Noite"       # br.edu.cesar.steps.FiltrarEventosSteps.euFiltrarEventosPorHorario(java.lang.String)
  Então devo ver apenas eventos que acontecem à noite # br.edu.cesar.steps.FiltrarEventosSteps.devoVerApenasEventosQueAcontecemANoite()
]]></system-out>
  </testcase>
  <testcase name="Filtrar eventos por data" classname="Filtrar Eventos" time="0.006">
    <system-out><![CDATA[
Cenário: Filtrar eventos por data                        # src/test/resources/features/FiltrarEventos.feature:17
  Dado que existem eventos cadastrados na plataforma     # br.edu.cesar.steps.FiltrarEventosSteps.queExistemEventosCadastradosNaPlataforma()
  Quando eu filtrar eventos pela data "2024-12-01"       # br.edu.cesar.steps.FiltrarEventosSteps.euFiltrarEventosPelaData(java.lang.String)
  Então devo ver apenas eventos que acontecem nesta data # br.edu.cesar.steps.FiltrarEventosSteps.devoVerApenasEventosQueAcontecemNestaData()
]]></system-out>
  </testcase>
  <testcase name="Filtrar eventos por faixa de preço" classname="Filtrar Eventos" time="0.006">
    <system-out><![CDATA[
Cenário: Filtrar eventos por faixa de preço                 # src/test/resources/features/FiltrarEventos.feature:22
  Dado que existem eventos cadastrados na plataforma        # br.edu.cesar.steps.FiltrarEventosSteps.queExistemEventosCadastradosNaPlataforma()
  Quando eu filtrar eventos com preço entre "0" e "100"     # br.edu.cesar.steps.FiltrarEventosSteps.euFiltrarEventosComPrecoEntre(java.lang.String,java.lang.String)
  Então devo ver apenas eventos dentro desta faixa de preço # br.edu.cesar.steps.FiltrarEventosSteps.devoVerApenasEventosDentroDestaFaixaDePreco()
]]></system-out>
  </testcase>
  <testcase name="Filtrar eventos com múltiplos critérios" classname="Filtrar Eventos" time="0.006">
    <system-out><![CDATA[
Cenário: Filtrar eventos com múltiplos critérios                 # src/test/resources/features/FiltrarEventos.feature:27
  Dado que existem eventos cadastrados na plataforma             # br.edu.cesar.steps.FiltrarEventosSteps.queExistemEventosCadastradosNaPlataforma()
  Quando eu filtrar eventos com os seguintes critérios:          # br.edu.cesar.steps.FiltrarEventosSteps.euFiltrarEventosComOsSeguintesCriterios(io.cucumber.datatable.DataTable)
    | gênero      | Música     |
    | horário     | Noite      |
    | data        | 2024-12-01 |
    | preçoMínimo | 0          |
    | preçoMáximo | 100        |
  Então devo ver apenas eventos que atendem a todos os critérios # br.edu.cesar.steps.FiltrarEventosSteps.devoVerApenasEventosQueAtendemATodosOsCriterios()
]]></system-out>
  </testcase>
  <testcase name="Reportar item perdido com sucesso" classname="Reportar Item Perdido" time="0.007">
    <system-out><![CDATA[
Cenário: Reportar item perdido com sucesso                # src/test/resources/features/ReportarItemPerdido.feature:7
  Dado que eu sou um participante de um evento finalizado # br.edu.cesar.steps.ReportarItemPerdidoSteps.queEuSouUmParticipanteDeUmEventoFinalizado()
  Quando eu acessar a área de Achados e Perdidos          # br.edu.cesar.steps.ReportarItemPerdidoSteps.euAcessarAAreaDeAchadosEPerdidos()
  E preencher o formulário com os seguintes dados:        # br.edu.cesar.steps.ReportarItemPerdidoSteps.preencherOFormularioComOsSeguintesDados(java.util.Map<java.lang.String, java.lang.String>)
    | campo           | valor                    |
    | tipo            | Carteira                 |
    | cor             | Marrom                   |
    | descrição       | Carteira de couro marrom |
    | localAproximado | Área de alimentação      |
  Então o item perdido deve ser registrado com sucesso    # br.edu.cesar.steps.ReportarItemPerdidoSteps.oItemPerdidoDeveSerRegistradoComSucesso()
  E devo receber uma confirmação do registro              # br.edu.cesar.steps.ReportarItemPerdidoSteps.devoReceberUmaConfirmacaoDoRegistro()
]]></system-out>
  </testcase>
  <testcase name="Reportar item perdido com foto" classname="Reportar Item Perdido" time="0.005">
    <system-out><![CDATA[
Cenário: Reportar item perdido com foto                   # src/test/resources/features/ReportarItemPerdido.feature:19
  Dado que eu sou um participante de um evento finalizado # br.edu.cesar.steps.ReportarItemPerdidoSteps.queEuSouUmParticipanteDeUmEventoFinalizado()
  Quando eu acessar a área de Achados e Perdidos          # br.edu.cesar.steps.ReportarItemPerdidoSteps.euAcessarAAreaDeAchadosEPerdidos()
  E preencher o formulário com os seguintes dados:        # br.edu.cesar.steps.ReportarItemPerdidoSteps.preencherOFormularioComOsSeguintesDados(java.util.Map<java.lang.String, java.lang.String>)
    | campo           | valor           |
    | tipo            | Celular         |
    | cor             | Preto           |
    | descrição       | iPhone 12       |
    | localAproximado | Palco principal |
  E anexar uma foto do item                               # br.edu.cesar.steps.ReportarItemPerdidoSteps.anexarUmaFotoDoItem()
  Então o item perdido deve ser registrado com sucesso    # br.edu.cesar.steps.ReportarItemPerdidoSteps.oItemPerdidoDeveSerRegistradoComSucesso()
  E a foto deve ser salva junto com o registro            # br.edu.cesar.steps.ReportarItemPerdidoSteps.aFotoDeveSerSalvaJuntoComORegistro()
]]></system-out>
  </testcase>
  <testcase name="Tentar reportar item perdido sem dados obrigatórios" classname="Reportar Item Perdido" time="0.003">
    <system-out><![CDATA[
Cenário: Tentar reportar item perdido sem dados obrigatórios                # src/test/resources/features/ReportarItemPerdido.feature:32
  Dado que eu sou um participante de um evento finalizado                   # br.edu.cesar.steps.ReportarItemPerdidoSteps.queEuSouUmParticipanteDeUmEventoFinalizado()
  Quando eu acessar a área de Achados e Perdidos                            # br.edu.cesar.steps.ReportarItemPerdidoSteps.euAcessarAAreaDeAchadosEPerdidos()
  E tentar submeter o formulário sem preencher os campos obrigatórios       # br.edu.cesar.steps.ReportarItemPerdidoSteps.tentarSubmeterOFormularioSemPreencherOsCamposObrigatorios()
  Então devo receber uma mensagem de erro informando os campos obrigatórios # br.edu.cesar.steps.ReportarItemPerdidoSteps.devoReceberUmaMensagemDeErroInformandoOsCamposObrigatorios()
]]></system-out>
  </testcase>
  <testcase name="Visualizar eventos salvos no calendário" classname="Visualizar Calendário Pessoal" time="0.006">
    <system-out><![CDATA[
Cenário: Visualizar eventos salvos no calendário             # src/test/resources/features/VisualizarCalendario.feature:7
  Dado que eu sou um usuário da plataforma                   # br.edu.cesar.steps.VisualizarCalendarioSteps.queEuSouUmUsuarioDaPlataforma()
  E tenho eventos salvos como interesse                      # br.edu.cesar.steps.VisualizarCalendarioSteps.tenhoEventosSalvosComoInteresse()
  Quando eu acessar meu calendário pessoal                   # br.edu.cesar.steps.VisualizarCalendarioSteps.euAcessarMeuCalendarioPessoal()
  Então devo ver os eventos salvos destacados com a cor azul # br.edu.cesar.steps.VisualizarCalendarioSteps.devoVerOsEventosSalvosDestacadosComACorAzul()
]]></system-out>
  </testcase>
  <testcase name="Visualizar eventos confirmados no calendário" classname="Visualizar Calendário Pessoal" time="0.003">
    <system-out><![CDATA[
Cenário: Visualizar eventos confirmados no calendário              # src/test/resources/features/VisualizarCalendario.feature:13
  Dado que eu sou um usuário da plataforma                         # br.edu.cesar.steps.VisualizarCalendarioSteps.queEuSouUmUsuarioDaPlataforma()
  E tenho eventos confirmados                                      # br.edu.cesar.steps.VisualizarCalendarioSteps.tenhoEventosConfirmados()
  Quando eu acessar meu calendário pessoal                         # br.edu.cesar.steps.VisualizarCalendarioSteps.euAcessarMeuCalendarioPessoal()
  Então devo ver os eventos confirmados destacados com a cor verde # br.edu.cesar.steps.VisualizarCalendarioSteps.devoVerOsEventosConfirmadosDestacadosComACorVerde()
]]></system-out>
  </testcase>
  <testcase name="Visualizar eventos marcados como &quot;talvez&quot; no calendário" classname="Visualizar Calendário Pessoal" time="0.004">
    <system-out><![CDATA[
Cenário: Visualizar eventos marcados como "talvez" no calendário                # src/test/resources/features/VisualizarCalendario.feature:19
  Dado que eu sou um usuário da plataforma                                      # br.edu.cesar.steps.VisualizarCalendarioSteps.queEuSouUmUsuarioDaPlataforma()
  E tenho eventos marcados como "talvez"                                        # br.edu.cesar.steps.VisualizarCalendarioSteps.tenhoEventosMarcadosComo(java.lang.String)
  Quando eu acessar meu calendário pessoal                                      # br.edu.cesar.steps.VisualizarCalendarioSteps.euAcessarMeuCalendarioPessoal()
  Então devo ver os eventos marcados como "talvez" destacados com a cor amarela # br.edu.cesar.steps.VisualizarCalendarioSteps.devoVerOsEventosMarcadosComoDestacadosComACorAmarela(java.lang.String)
]]></system-out>
  </testcase>
  <testcase name="Visualizar detalhes de um evento no calendário" classname="Visualizar Calendário Pessoal" time="0.004">
    <system-out><![CDATA[
Cenário: Visualizar detalhes de um evento no calendário # src/test/resources/features/VisualizarCalendario.feature:25
  Dado que eu sou um usuário da plataforma              # br.edu.cesar.steps.VisualizarCalendarioSteps.queEuSouUmUsuarioDaPlataforma()
  E tenho eventos no meu calendário                     # br.edu.cesar.steps.VisualizarCalendarioSteps.tenhoEventosNoMeuCalendario()
  Quando eu clicar em um evento no calendário           # br.edu.cesar.steps.VisualizarCalendarioSteps.euClicarEmUmEventoNoCalendario()
  Então devo ver os detalhes do evento:                 # br.edu.cesar.steps.VisualizarCalendarioSteps.devoVerOsDetalhesDoEvento(io.cucumber.datatable.DataTable)
    | campo     | valor esperado  |
    | nome      | Show de Rock    |
    | local     | Arena Rock      |
    | data      | 2024-12-01      |
    | horário   | 20:00           |
    | descrição | Show da banda X |
    | link      | /eventos/123    |
]]></system-out>
  </testcase>
  <testcase name="Alternar entre visualizações do calendário" classname="Visualizar Calendário Pessoal" time="0.005">
    <system-out><![CDATA[
Cenário: Alternar entre visualizações do calendário              # src/test/resources/features/VisualizarCalendario.feature:38
  Dado que eu sou um usuário da plataforma                       # br.edu.cesar.steps.VisualizarCalendarioSteps.queEuSouUmUsuarioDaPlataforma()
  E tenho eventos no meu calendário                              # br.edu.cesar.steps.VisualizarCalendarioSteps.tenhoEventosNoMeuCalendario()
  Quando eu alternar a visualização do calendário para "semanal" # br.edu.cesar.steps.VisualizarCalendarioSteps.euAlternarAVisualizacaoDoCalendarioPara(java.lang.String)
  Então devo ver os eventos organizados por "semana"             # br.edu.cesar.steps.VisualizarCalendarioSteps.devoVerOsEventosOrganizadosPor(java.lang.String)
  Quando eu alternar a visualização do calendário para "diária"  # br.edu.cesar.steps.VisualizarCalendarioSteps.euAlternarAVisualizacaoDoCalendarioPara(java.lang.String)
  Então devo ver os eventos organizados por "dia"                # br.edu.cesar.steps.VisualizarCalendarioSteps.devoVerOsEventosOrganizadosPor(java.lang.String)
  Quando eu alternar a visualização do calendário para "mensal"  # br.edu.cesar.steps.VisualizarCalendarioSteps.euAlternarAVisualizacaoDoCalendarioPara(java.lang.String)
  Então devo ver os eventos organizados por "mês"                # br.edu.cesar.steps.VisualizarCalendarioSteps.devoVerOsEventosOrganizadosPor(java.lang.String)
]]></system-out>
  </testcase>
  <testcase name="Avaliar evento com sucesso" classname="Avaliar evento" time="0.007">
    <system-out><![CDATA[
Cenário: Avaliar evento com sucesso                # src/test/resources/features/avaliarEvento.feature:8
  Dado que sou um usuário que participou do evento # br.edu.cesar.steps.AvaliarEventoSteps.queSouUmUsuarioQueParticipouDoEvento()
  Quando avalio o evento com nota 5                # br.edu.cesar.steps.AvaliarEventoSteps.avalioOEventoComNota(int)
  Então a avaliação deve ser registrada            # br.edu.cesar.steps.AvaliarEventoSteps.aAvaliacaoDeveSerRegistrada()
]]></system-out>
  </testcase>
  <testcase name="Tentar avaliar evento sem ter participado" classname="Avaliar evento" time="0.004">
    <system-out><![CDATA[
Cenário: Tentar avaliar evento sem ter participado                                             # src/test/resources/features/avaliarEvento.feature:13
  Dado que sou um usuário que não participou do evento                                         # br.edu.cesar.steps.AvaliarEventoSteps.queSouUmUsuarioQueNaoParticipouDoEvento()
  Quando avalio o evento com nota 4                                                            # br.edu.cesar.steps.AvaliarEventoSteps.avalioOEventoComNota(int)
  Então devo ver a mensagem de erro de avaliação "Apenas participantes podem avaliar o evento" # br.edu.cesar.steps.AvaliarEventoSteps.devoVerAMensagemDeErroDeAvaliacao(java.lang.String)
  E a avaliação não deve ser registrada                                                        # br.edu.cesar.steps.AvaliarEventoSteps.aAvaliacaoNaoDeveSerRegistrada()
]]></system-out>
  </testcase>
  <testcase name="Avaliar evento sem comentário" classname="Avaliar evento" time="0.003">
    <system-out><![CDATA[
Cenário: Avaliar evento sem comentário                                   # src/test/resources/features/avaliarEvento.feature:19
  Dado que sou um usuário que confirmou presença em um evento finalizado # br.edu.cesar.steps.AvaliarEventoSteps.queSouUmUsuarioQueConfirmouPresencaEmUmEventoFinalizado()
  Quando acesso a página de avaliação do evento                          # br.edu.cesar.steps.AvaliarEventoSteps.acessoAPaginaDeAvaliacaoDoEvento()
  E preencho apenas a nota 5                                             # br.edu.cesar.steps.AvaliarEventoSteps.preenchoApenasANota(int)
  E submeto a avaliação                                                  # br.edu.cesar.steps.AvaliarEventoSteps.submetoAAvaliacao()
  Então a avaliação deve ser registrada com sucesso                      # br.edu.cesar.steps.AvaliarEventoSteps.aAvaliacaoDeveSerRegistradaComSucesso()
  E devo ver uma mensagem de confirmação                                 # br.edu.cesar.steps.AvaliarEventoSteps.devoVerUmaMensagemDeConfirmacao()
]]></system-out>
  </testcase>
  <testcase name="Tentar avaliar evento não finalizado" classname="Avaliar evento" time="0.004">
    <system-out><![CDATA[
Cenário: Tentar avaliar evento não finalizado                             # src/test/resources/features/avaliarEvento.feature:27
  Dado que sou um usuário que confirmou presença em um evento             # br.edu.cesar.steps.AvaliarEventoSteps.queSouUmUsuarioQueConfirmouPresencaEmUmEvento()
  Quando tento acessar a página de avaliação do evento                    # br.edu.cesar.steps.AvaliarEventoSteps.tentoAcessarAPaginaDeAvaliacaoDoEvento()
  Então devo ver uma mensagem informando que o evento ainda não finalizou # br.edu.cesar.steps.AvaliarEventoSteps.devoVerUmaMensagemInformandoQueOEventoAindaNaoFinalizou()
]]></system-out>
  </testcase>
  <testcase name="Tentar avaliar evento sem ter confirmado presença" classname="Avaliar evento" time="0.002">
    <system-out><![CDATA[
Cenário: Tentar avaliar evento sem ter confirmado presença                                # src/test/resources/features/avaliarEvento.feature:32
  Dado que sou um usuário que não confirmou presença em um evento finalizado              # br.edu.cesar.steps.AvaliarEventoSteps.queSouUmUsuarioQueNaoConfirmouPresencaEmUmEventoFinalizado()
  Quando tento acessar a página de avaliação do evento                                    # br.edu.cesar.steps.AvaliarEventoSteps.tentoAcessarAPaginaDeAvaliacaoDoEvento()
  Então devo ver uma mensagem informando que preciso ter confirmado presença para avaliar # br.edu.cesar.steps.AvaliarEventoSteps.devoVerUmaMensagemInformandoQuePrecisoTerConfirmadoPresencaParaAvaliar()
]]></system-out>
  </testcase>
  <testcase name="Criar relato com texto e fotos" classname="Criar relato de evento" time="0.009">
    <system-out><![CDATA[
Cenário: Criar relato com texto e fotos                            # src/test/resources/features/criarRelatoEvento.feature:7
  Dado que sou um usuário da plataforma que deseja criar um relato # br.edu.cesar.steps.CriarRelatoEventoSteps.queSouUmUsuarioDaPlataformaQueDesejaCriarUmRelato()
  E participei do evento "Workshop de Java"                        # br.edu.cesar.steps.CriarRelatoEventoSteps.participeiDoEvento(java.lang.String)
  Quando acesso a página do evento                                 # br.edu.cesar.steps.CriarRelatoEventoSteps.acessoAPaginaDoEvento()
  E clico no botão de criar relato "Criar Relato"                  # br.edu.cesar.steps.CriarRelatoEventoSteps.clicoNoBotaoDeCriarRelato(java.lang.String)
  E preencho o título com "Experiência incrível no Workshop"       # br.edu.cesar.steps.CriarRelatoEventoSteps.preenchoOTituloCom(java.lang.String)
  E escrevo o relato:                                              # br.edu.cesar.steps.CriarRelatoEventoSteps.escrevoORelato(java.lang.String)
  E adiciono uma foto do evento                                    # br.edu.cesar.steps.CriarRelatoEventoSteps.adicionoUmaFotoDoEvento()
  E clico em publicar relato "Publicar"                            # br.edu.cesar.steps.CriarRelatoEventoSteps.clicoEmPublicarRelato(java.lang.String)
  Então devo ver meu relato publicado na página do evento          # br.edu.cesar.steps.CriarRelatoEventoSteps.devoVerMeuRelatoPublicadoNaPaginaDoEvento()
  E o relato deve conter:                                          # br.edu.cesar.steps.CriarRelatoEventoSteps.oRelatoDeveConter(io.cucumber.datatable.DataTable)
    | Campo       | Valor                                                                                                                                                                                                                                   |
    | Título      | Experiência incrível no Workshop                                                                                                                                                                                                        |
    | Autor       | João Silva                                                                                                                                                                                                                              |
    | Data        | Hoje                                                                                                                                                                                                                                    |
    | Conteúdo    | O workshop foi uma experiência enriquecedora. Aprendi muito sobre boas práticas de programação e tive a oportunidade de interagir com outros desenvolvedores. Os instrutores foram muito didáticos e o conteúdo estava bem estruturado. |
    | Total Fotos | 1                                                                                                                                                                                                                                       |
]]></system-out>
  </testcase>
  <testcase name="Criar relato apenas com texto" classname="Criar relato de evento" time="0.005">
    <system-out><![CDATA[
Cenário: Criar relato apenas com texto                             # src/test/resources/features/criarRelatoEvento.feature:30
  Dado que sou um usuário da plataforma que deseja criar um relato # br.edu.cesar.steps.CriarRelatoEventoSteps.queSouUmUsuarioDaPlataformaQueDesejaCriarUmRelato()
  E participei do evento "Meetup de Python"                        # br.edu.cesar.steps.CriarRelatoEventoSteps.participeiDoEvento(java.lang.String)
  Quando acesso a página do evento                                 # br.edu.cesar.steps.CriarRelatoEventoSteps.acessoAPaginaDoEvento()
  E clico no botão de criar relato "Criar Relato"                  # br.edu.cesar.steps.CriarRelatoEventoSteps.clicoNoBotaoDeCriarRelato(java.lang.String)
  E preencho o título com "Primeiro Meetup de Python"              # br.edu.cesar.steps.CriarRelatoEventoSteps.preenchoOTituloCom(java.lang.String)
  E escrevo o relato:                                              # br.edu.cesar.steps.CriarRelatoEventoSteps.escrevoORelato(java.lang.String)
  E clico em publicar relato "Publicar"                            # br.edu.cesar.steps.CriarRelatoEventoSteps.clicoEmPublicarRelato(java.lang.String)
  Então devo ver meu relato publicado na página do evento          # br.edu.cesar.steps.CriarRelatoEventoSteps.devoVerMeuRelatoPublicadoNaPaginaDoEvento()
  E o relato deve conter:                                          # br.edu.cesar.steps.CriarRelatoEventoSteps.oRelatoDeveConter(io.cucumber.datatable.DataTable)
    | Campo       | Valor                                                                                                                                                             |
    | Título      | Primeiro Meetup de Python                                                                                                                                         |
    | Autor       | João Silva                                                                                                                                                        |
    | Data        | Hoje                                                                                                                                                              |
    | Conteúdo    | Foi meu primeiro meetup e adorei a experiência. A comunidade é muito acolhedora e as discussões foram muito produtivas. Já estou ansioso para o próximo encontro! |
    | Total Fotos | 0                                                                                                                                                                 |
]]></system-out>
  </testcase>
  <testcase name="Tentar criar relato sem título" classname="Criar relato de evento" time="0.004">
    <system-out><![CDATA[
Cenário: Tentar criar relato sem título                            # src/test/resources/features/criarRelatoEvento.feature:51
  Dado que sou um usuário da plataforma que deseja criar um relato # br.edu.cesar.steps.CriarRelatoEventoSteps.queSouUmUsuarioDaPlataformaQueDesejaCriarUmRelato()
  E participei do evento "Conferência de TI"                       # br.edu.cesar.steps.CriarRelatoEventoSteps.participeiDoEvento(java.lang.String)
  Quando acesso a página do evento                                 # br.edu.cesar.steps.CriarRelatoEventoSteps.acessoAPaginaDoEvento()
  E clico no botão de criar relato "Criar Relato"                  # br.edu.cesar.steps.CriarRelatoEventoSteps.clicoNoBotaoDeCriarRelato(java.lang.String)
  E escrevo o relato:                                              # br.edu.cesar.steps.CriarRelatoEventoSteps.escrevoORelato(java.lang.String)
  E clico em publicar relato "Publicar"                            # br.edu.cesar.steps.CriarRelatoEventoSteps.clicoEmPublicarRelato(java.lang.String)
  Então devo ver a mensagem de erro "O título é obrigatório"       # br.edu.cesar.steps.CriarRelatoEventoSteps.devoVerAMensagemDeErro(java.lang.String)
  E o relato não deve ser publicado                                # br.edu.cesar.steps.CriarRelatoEventoSteps.oRelatoNaoDeveSerPublicado()
]]></system-out>
  </testcase>
  <testcase name="Responder a um comentário" classname="Responder comentários" time="0.006">
    <system-out><![CDATA[
Cenário: Responder a um comentário                                                                         # src/test/resources/features/responderComentarios.feature:7
  Dado que sou um organizador da plataforma                                                                # br.edu.cesar.steps.ResponderComentariosSteps.queSouUmOrganizadorDaPlataforma()
  E existe um evento meu com comentários                                                                   # br.edu.cesar.steps.ResponderComentariosSteps.existeUmEventoMeuComComentarios()
  Quando acesso a seção de comentários do evento                                                           # br.edu.cesar.steps.ResponderComentariosSteps.acessoASecaoDeComentariosDoEvento()
  E seleciono o comentário do usuário "João Silva"                                                         # br.edu.cesar.steps.ResponderComentariosSteps.selecionoOComentarioDoUsuario(java.lang.String)
  E clico no botão de "Responder" do comentário                                                            # br.edu.cesar.steps.ResponderComentariosSteps.clicoNoBotaoDoComentario(java.lang.String)
  E preencho a resposta com "Obrigado pelo feedback! Vamos considerar sua sugestão para o próximo evento." # br.edu.cesar.steps.ResponderComentariosSteps.preenchoARespostaCom(java.lang.String)
  E clico em "Enviar"                                                                                      # br.edu.cesar.steps.ResponderComentariosSteps.clicoEm(java.lang.String)
  Entao devo ver minha resposta abaixo do comentário original                                              # br.edu.cesar.steps.ResponderComentariosSteps.devoVerMinhaRespostaAbaixoDoComentarioOriginal()
  E a resposta deve conter:                                                                                # br.edu.cesar.steps.ResponderComentariosSteps.aRespostaDeveConter(io.cucumber.datatable.DataTable)
    | Autor    | Organizador                                                                  |
    | Data     | Hoje                                                                         |
    | Conteúdo | Obrigado pelo feedback! Vamos considerar sua sugestão para o próximo evento. |
]]></system-out>
  </testcase>
  <testcase name="Editar uma resposta" classname="Responder comentários" time="0.004">
    <system-out><![CDATA[
Cenário: Editar uma resposta                                                                           # src/test/resources/features/responderComentarios.feature:21
  Dado que sou um organizador da plataforma                                                            # br.edu.cesar.steps.ResponderComentariosSteps.queSouUmOrganizadorDaPlataforma()
  E existe um evento meu com comentários                                                               # br.edu.cesar.steps.ResponderComentariosSteps.existeUmEventoMeuComComentarios()
  E já respondi ao comentário do usuário "João Silva"                                                  # br.edu.cesar.steps.ResponderComentariosSteps.jaRespondiAoComentarioDoUsuario(java.lang.String)
  Quando acesso a seção de comentários do evento                                                       # br.edu.cesar.steps.ResponderComentariosSteps.acessoASecaoDeComentariosDoEvento()
  E seleciono minha resposta                                                                           # br.edu.cesar.steps.ResponderComentariosSteps.selecionoMinhaResposta()
  E clico no botão de "Editar" do comentário                                                           # br.edu.cesar.steps.ResponderComentariosSteps.clicoNoBotaoDoComentario(java.lang.String)
  E altero o texto para "Obrigado pelo feedback! Já implementamos sua sugestão para o próximo evento." # br.edu.cesar.steps.ResponderComentariosSteps.alteroOTextoPara(java.lang.String)
  E clico em "Salvar"                                                                                  # br.edu.cesar.steps.ResponderComentariosSteps.clicoEm(java.lang.String)
  Entao devo ver a resposta atualizada                                                                 # br.edu.cesar.steps.ResponderComentariosSteps.devoVerARespostaAtualizada()
  E a resposta deve conter:                                                                            # br.edu.cesar.steps.ResponderComentariosSteps.aRespostaDeveConter(io.cucumber.datatable.DataTable)
    | Autor    | Organizador                                                                  |
    | Data     | Hoje                                                                         |
    | Conteúdo | Obrigado pelo feedback! Já implementamos sua sugestão para o próximo evento. |
]]></system-out>
  </testcase>
  <testcase name="Excluir uma resposta" classname="Responder comentários" time="0.006">
    <system-out><![CDATA[
Cenário: Excluir uma resposta                         # src/test/resources/features/responderComentarios.feature:36
  Dado que sou um organizador da plataforma           # br.edu.cesar.steps.ResponderComentariosSteps.queSouUmOrganizadorDaPlataforma()
  E existe um evento meu com comentários              # br.edu.cesar.steps.ResponderComentariosSteps.existeUmEventoMeuComComentarios()
  E já respondi ao comentário do usuário "João Silva" # br.edu.cesar.steps.ResponderComentariosSteps.jaRespondiAoComentarioDoUsuario(java.lang.String)
  Quando acesso a seção de comentários do evento      # br.edu.cesar.steps.ResponderComentariosSteps.acessoASecaoDeComentariosDoEvento()
  E seleciono minha resposta                          # br.edu.cesar.steps.ResponderComentariosSteps.selecionoMinhaResposta()
  E clico no botão de "Excluir" do comentário         # br.edu.cesar.steps.ResponderComentariosSteps.clicoNoBotaoDoComentario(java.lang.String)
  E confirmo a exclusão                               # br.edu.cesar.steps.ResponderComentariosSteps.confirmoAExclusao()
  Entao nao devo mais ver minha resposta              # br.edu.cesar.steps.ResponderComentariosSteps.naoDevoMaisVerMinhaResposta()
  E o comentário original deve permanecer visível     # br.edu.cesar.steps.ResponderComentariosSteps.oComentarioOriginalDevePermanecerVisivel()
]]></system-out>
  </testcase>
  <testcase name="Responder a múltiplos comentários" classname="Responder comentários" time="0.004">
    <system-out><![CDATA[
Cenário: Responder a múltiplos comentários                  # src/test/resources/features/responderComentarios.feature:47
  Dado que sou um organizador da plataforma                 # br.edu.cesar.steps.ResponderComentariosSteps.queSouUmOrganizadorDaPlataforma()
  E existe um evento meu com múltiplos comentários:         # br.edu.cesar.steps.ResponderComentariosSteps.existeUmEventoMeuComMultiplosComentarios(io.cucumber.datatable.DataTable)
    | Usuário      | Comentário                    |
    | João Silva   | Adorei o evento!              |
    | Maria Santos | Sugestão: mais pontos de água |
    | Pedro Costa  | Ótima organização!            |
  Quando acesso a seção de comentários do evento            # br.edu.cesar.steps.ResponderComentariosSteps.acessoASecaoDeComentariosDoEvento()
  E respondo a todos os comentários                         # br.edu.cesar.steps.ResponderComentariosSteps.respondoATodosOsComentarios()
  Entao devo ver minhas respostas abaixo de cada comentário # br.edu.cesar.steps.ResponderComentariosSteps.devoVerMinhasRespostasAbaixoDeCadaComentario()
  E cada resposta deve conter:                              # br.edu.cesar.steps.ResponderComentariosSteps.cadaRespostaDeveConter(io.cucumber.datatable.DataTable)
    | Campo    | Valor                         |
    | Autor    | Organizador                   |
    | Data     | Hoje                          |
    | Conteúdo | Adorei o evento!              |
    | Conteúdo | Sugestão: mais pontos de água |
    | Conteúdo | Ótima organização!            |
]]></system-out>
  </testcase>
  <testcase name="Seguir um organizador e ver seus eventos" classname="Seguir usuários" time="0.005">
    <system-out><![CDATA[
Cenário: Seguir um organizador e ver seus eventos                           # src/test/resources/features/seguirUsuarios.feature:7
  Dado que sou um usuário da plataforma que deseja seguir outros usuários   # br.edu.cesar.steps.SeguirUsuariosSteps.queSouUmUsuarioDaPlataformaQueDesejaSeguirOutrosUsuarios()
  E existe um organizador chamado "João Silva"                              # br.edu.cesar.steps.SeguirUsuariosSteps.existeUmOrganizadorChamado(java.lang.String)
  Quando acesso o perfil do organizador "João Silva"                        # br.edu.cesar.steps.SeguirUsuariosSteps.acessoOPerfilDoOrganizador(java.lang.String)
  E clico no botão "Seguir"                                                 # br.edu.cesar.steps.SeguirUsuariosSteps.clicoNoBotao(java.lang.String)
  Entao devo ver a mensagem "Você está seguindo João Silva"                 # br.edu.cesar.steps.SeguirUsuariosSteps.devoVerAMensagem(java.lang.String)
  E o botão deve mudar para "Seguindo"                                      # br.edu.cesar.steps.SeguirUsuariosSteps.oBotaoDeveMudarPara(java.lang.String)
  Quando o organizador "João Silva" cria um novo evento                     # br.edu.cesar.steps.SeguirUsuariosSteps.oOrganizadorCriaUmNovoEvento(java.lang.String)
  Entao devo ver o evento na seção "Eventos de quem você segue" do meu feed # br.edu.cesar.steps.SeguirUsuariosSteps.devoVerOEventoNaSecaoDoMeuFeed(java.lang.String)
  E o evento deve estar marcado como "Novo"                                 # br.edu.cesar.steps.SeguirUsuariosSteps.oEventoDeveEstarMarcadoComo(java.lang.String)
]]></system-out>
  </testcase>
  <testcase name="Parar de seguir um organizador" classname="Seguir usuários" time="0.005">
    <system-out><![CDATA[
Cenário: Parar de seguir um organizador                                         # src/test/resources/features/seguirUsuarios.feature:19
  Dado que sou um usuário da plataforma que deseja seguir outros usuários       # br.edu.cesar.steps.SeguirUsuariosSteps.queSouUmUsuarioDaPlataformaQueDesejaSeguirOutrosUsuarios()
  E estou seguindo o organizador "João Silva"                                   # br.edu.cesar.steps.SeguirUsuariosSteps.estouSeguindoOOrganizador(java.lang.String)
  Quando acesso o perfil do organizador "João Silva"                            # br.edu.cesar.steps.SeguirUsuariosSteps.acessoOPerfilDoOrganizador(java.lang.String)
  E clico no botão "Seguindo"                                                   # br.edu.cesar.steps.SeguirUsuariosSteps.clicoNoBotao(java.lang.String)
  Entao devo ver a mensagem "Você parou de seguir João Silva"                   # br.edu.cesar.steps.SeguirUsuariosSteps.devoVerAMensagem(java.lang.String)
  E o botão deve mudar para "Seguir"                                            # br.edu.cesar.steps.SeguirUsuariosSteps.oBotaoDeveMudarPara(java.lang.String)
  Quando o organizador "João Silva" cria um novo evento                         # br.edu.cesar.steps.SeguirUsuariosSteps.oOrganizadorCriaUmNovoEvento(java.lang.String)
  Entao não devo ver o evento na seção "Eventos de quem você segue" do meu feed # br.edu.cesar.steps.SeguirUsuariosSteps.naoDevoVerOEventoNaSecaoDoMeuFeed(java.lang.String)
]]></system-out>
  </testcase>
  <testcase name="Ver lista de usuários seguidos" classname="Seguir usuários" time="0.004">
    <system-out><![CDATA[
Cenário: Ver lista de usuários seguidos                                   # src/test/resources/features/seguirUsuarios.feature:30
  Dado que sou um usuário da plataforma que deseja seguir outros usuários # br.edu.cesar.steps.SeguirUsuariosSteps.queSouUmUsuarioDaPlataformaQueDesejaSeguirOutrosUsuarios()
  E estou seguindo os organizadores:                                      # br.edu.cesar.steps.SeguirUsuariosSteps.estouSeguindoOsOrganizadores(io.cucumber.datatable.DataTable)
    | Nome         |
    | João Silva   |
    | Maria Santos |
  Quando acesso minha lista de usuários seguidos                          # br.edu.cesar.steps.SeguirUsuariosSteps.acessoMinhaListaDeUsuariosSeguidos()
  Entao devo ver os organizadores:                                        # br.edu.cesar.steps.SeguirUsuariosSteps.devoVerOsOrganizadores(io.cucumber.datatable.DataTable)
    | Nome         | Status   |
    | João Silva   | Seguindo |
    | Maria Santos | Seguindo |
]]></system-out>
  </testcase>
  <testcase name="Visualizar eventos em destaque na página inicial" classname="Visualizar eventos em destaque" time="0.007">
    <system-out><![CDATA[
Cenário: Visualizar eventos em destaque na página inicial                           # src/test/resources/features/visualizarEventosDestaque.feature:9
  Dado que existem eventos em destaque cadastrados na plataforma                    # br.edu.cesar.steps.VisualizarEventosDestaqueSteps.queExistemEventosEmDestaqueCadastradosNaPlataforma()
  E a semana atual é a semana 17 de 2024                                            # br.edu.cesar.steps.VisualizarEventosDestaqueSteps.aSemanaAtualEASemana(int,int)
  Quando acesso a página inicial                                                    # br.edu.cesar.steps.VisualizarEventosDestaqueSteps.acessoAPaginaInicial()
  Então devo ver a seção "Eventos em Destaque"                                      # br.edu.cesar.steps.VisualizarEventosDestaqueSteps.devoVerASecao(java.lang.String)
  E a lista deve conter os eventos:                                                 # br.edu.cesar.steps.VisualizarEventosDestaqueSteps.aListaDeveConterOsEventos(io.cucumber.datatable.DataTable)
    | Workshop de Java  |
    | Meetup de Python  |
    | Conferência de TI |
  E os eventos devem estar ordenados por número de confirmados em ordem decrescente # br.edu.cesar.steps.VisualizarEventosDestaqueSteps.osEventosDevemEstarOrdenadosPorNumeroDeConfirmadosEmOrdemDecrescente()
  E o evento com mais confirmados deve ser "Workshop de Java" com 150 participantes # br.edu.cesar.steps.VisualizarEventosDestaqueSteps.oEventoComMaisConfirmadosDeveSerComParticipantes(java.lang.String,int)
  E a seção deve mostrar apenas eventos da semana 17                                # br.edu.cesar.steps.VisualizarEventosDestaqueSteps.aSecaoDeveMostrarApenasEventosDaSemana(int)
  E não deve mostrar eventos de semanas anteriores                                  # br.edu.cesar.steps.VisualizarEventosDestaqueSteps.naoDeveMostrarEventosDeSemanasAnteriores()
]]></system-out>
  </testcase>
  <testcase name="Visualizar histórico de eventos com avaliações" classname="Visualizar histórico de eventos" time="0.006">
    <system-out><![CDATA[
Cenário: Visualizar histórico de eventos com avaliações # src/test/resources/features/visualizarHistoricoEventos.feature:7
  Dado que sou um usuário da plataforma                 # br.edu.cesar.steps.VisualizarHistoricoEventosSteps.queSouUmUsuarioDaPlataforma()
  E existe um organizador com eventos passados          # br.edu.cesar.steps.VisualizarHistoricoEventosSteps.existeUmOrganizadorComEventosPassados()
  Quando acesso o perfil do organizador                 # br.edu.cesar.steps.VisualizarHistoricoEventosSteps.acessoOPerfilDoOrganizador()
  Entao devo ver a lista de eventos passados com:       # br.edu.cesar.steps.VisualizarHistoricoEventosSteps.devoVerAListaDeEventosPassadosCom(io.cucumber.datatable.DataTable)
    | Evento           | Data       | Média | Participantes | Comentários |
    | Show de Rock     | 01/01/2023 | 4.5   | 100           | 25          |
    | Festival de Jazz | 15/02/2023 | 4.8   | 150           | 30          |
  Quando clico em um evento específico                  # br.edu.cesar.steps.VisualizarHistoricoEventosSteps.clicoEmUmEventoEspecifico()
  Entao devo ver os detalhes do evento no histórico:    # br.edu.cesar.steps.VisualizarHistoricoEventosSteps.devoVerOsDetalhesDoEventoNoHistorico(io.cucumber.datatable.DataTable)
    | Nome                      | Show de Rock |
    | Data                      | 01/01/2023   |
    | Média de Notas            | 4.5          |
    | Total de Avaliações       | 80           |
    | Total de Comentários      | 25           |
    | Participantes Confirmados | 100          |
    | Taxa de Engajamento       | 80%          |
  E devo ver os comentários dos participantes:          # br.edu.cesar.steps.VisualizarHistoricoEventosSteps.devoVerOsComentariosDosParticipantes(io.cucumber.datatable.DataTable)
    | Usuário | Comentário                                    |
    | joao    | Show incrível, organização impecável!         |
    | maria   | Adorei o evento, superou minhas expectativas! |
]]></system-out>
  </testcase>
  <testcase name="Visualizar histórico de eventos sem avaliações" classname="Visualizar histórico de eventos" time="0.003">
    <system-out><![CDATA[
Cenário: Visualizar histórico de eventos sem avaliações       # src/test/resources/features/visualizarHistoricoEventos.feature:31
  Dado que sou um usuário da plataforma                       # br.edu.cesar.steps.VisualizarHistoricoEventosSteps.queSouUmUsuarioDaPlataforma()
  E existe um organizador com eventos passados sem avaliações # br.edu.cesar.steps.VisualizarHistoricoEventosSteps.existeUmOrganizadorComEventosPassadosSemAvaliacoes()
  Quando acesso o perfil do organizador                       # br.edu.cesar.steps.VisualizarHistoricoEventosSteps.acessoOPerfilDoOrganizador()
  Entao devo ver a lista de eventos passados com:             # br.edu.cesar.steps.VisualizarHistoricoEventosSteps.devoVerAListaDeEventosPassadosCom(io.cucumber.datatable.DataTable)
    | Evento           | Data       | Média | Participantes | Comentários |
    | Show de Rock     | 01/01/2023 | 0.0   | 100           | 0           |
    | Festival de Jazz | 15/02/2023 | 0.0   | 150           | 0           |
  Quando clico em um evento específico                        # br.edu.cesar.steps.VisualizarHistoricoEventosSteps.clicoEmUmEventoEspecifico()
  Entao devo ver os detalhes do evento no histórico:          # br.edu.cesar.steps.VisualizarHistoricoEventosSteps.devoVerOsDetalhesDoEventoNoHistorico(io.cucumber.datatable.DataTable)
    | Nome                      | Show de Rock |
    | Data                      | 01/01/2023   |
    | Média de Notas            | 0.0          |
    | Total de Avaliações       | 0            |
    | Total de Comentários      | 0            |
    | Participantes Confirmados | 100          |
    | Taxa de Engajamento       | 0%           |
]]></system-out>
  </testcase>
  <testcase name="Visualizar relatório de evento com dados completos" classname="Visualizar Relatório de Evento" time="0.004">
    <system-out><![CDATA[
Cenário: Visualizar relatório de evento com dados completos         # src/test/resources/features/visualizarRelatorioEvento.feature:7
  Dado que sou um usuário logado na plataforma e criador de eventos # br.edu.cesar.steps.VisualizarRelatorioEventoSteps.queSouUmUsuarioLogadoNaPlataformaECriadorDeEventos()
  E tenho um evento encerrado que criei para visualizar relatório   # br.edu.cesar.steps.VisualizarRelatorioEventoSteps.tenhoUmEventoEncerradoQueCrieiParaVisualizarRelatorio()
  Quando acesso a página de relatórios do evento                    # br.edu.cesar.steps.VisualizarRelatorioEventoSteps.acessoAPaginaDeRelatoriosDoEvento()
  Então devo ver as seguintes informações:                          # br.edu.cesar.steps.VisualizarRelatorioEventoSteps.devoVerAsSeguintesInformacoes(java.util.Map<java.lang.String, java.lang.String>)
    | totalConfirmacoes | 50  |
    | totalTalvez       | 20  |
    | totalAvaliacoes   | 40  |
    | mediaNotas        | 4.5 |
    | totalComentarios  | 30  |
]]></system-out>
  </testcase>
  <testcase name="Visualizar relatório de evento sem avaliações" classname="Visualizar Relatório de Evento" time="0.003">
    <system-out><![CDATA[
Cenário: Visualizar relatório de evento sem avaliações              # src/test/resources/features/visualizarRelatorioEvento.feature:18
  Dado que sou um usuário logado na plataforma e criador de eventos # br.edu.cesar.steps.VisualizarRelatorioEventoSteps.queSouUmUsuarioLogadoNaPlataformaECriadorDeEventos()
  E tenho um evento encerrado que criei para visualizar relatório   # br.edu.cesar.steps.VisualizarRelatorioEventoSteps.tenhoUmEventoEncerradoQueCrieiParaVisualizarRelatorio()
  E o evento não recebeu avaliações                                 # br.edu.cesar.steps.VisualizarRelatorioEventoSteps.oEventoNaoRecebeuAvaliacoes()
  Quando acesso a página de relatórios do evento                    # br.edu.cesar.steps.VisualizarRelatorioEventoSteps.acessoAPaginaDeRelatoriosDoEvento()
  Então devo ver as seguintes informações:                          # br.edu.cesar.steps.VisualizarRelatorioEventoSteps.devoVerAsSeguintesInformacoes(java.util.Map<java.lang.String, java.lang.String>)
    | totalConfirmacoes | 30 |
    | totalTalvez       | 10 |
    | totalAvaliacoes   | 0  |
    | mediaNotas        | 0  |
    | totalComentarios  | 5  |
]]></system-out>
  </testcase>
  <testcase name="Visualizar relatório de evento com filtro por período" classname="Visualizar Relatório de Evento" time="0.002">
    <system-out><![CDATA[
Cenário: Visualizar relatório de evento com filtro por período      # src/test/resources/features/visualizarRelatorioEvento.feature:30
  Dado que sou um usuário logado na plataforma e criador de eventos # br.edu.cesar.steps.VisualizarRelatorioEventoSteps.queSouUmUsuarioLogadoNaPlataformaECriadorDeEventos()
  E tenho um evento encerrado que criei para visualizar relatório   # br.edu.cesar.steps.VisualizarRelatorioEventoSteps.tenhoUmEventoEncerradoQueCrieiParaVisualizarRelatorio()
  Quando acesso a página de relatórios do evento                    # br.edu.cesar.steps.VisualizarRelatorioEventoSteps.acessoAPaginaDeRelatoriosDoEvento()
  E seleciono o período "Últimos 30 dias"                           # br.edu.cesar.steps.VisualizarRelatorioEventoSteps.selecionoOPeriodo(java.lang.String)
  Então devo ver as métricas filtradas para o período selecionado   # br.edu.cesar.steps.VisualizarRelatorioEventoSteps.devoVerAsMetricasFiltradasParaOPeriodoSelecionado()
]]></system-out>
  </testcase>
</testsuite>