<?xml version="1.0" encoding="UTF-8"?>
<testsuite xmlns:xsi="http://www.w3.org/2001/XMLSchema-instance" xsi:noNamespaceSchemaLocation="https://maven.apache.org/surefire/maven-surefire-plugin/xsd/surefire-test-report-3.0.xsd" version="3.0" name="br.edu.cesar.eventos.dominio.evento.EventoTest" time="0.018" tests="4" errors="0" skipped="0" failures="0">
  <properties>
[...]
</properties>
  <testcase name="testAdicionarParticipante" classname="br.edu.cesar.eventos.dominio.evento.EventoTest" time="0.003"/>
  <testcase name="testMarcarTalvez" classname="br.edu.cesar.eventos.dominio.evento.EventoTest" time="0.001"/>
  <testcase name="testMarcarInteresse" classname="br.edu.cesar.eventos.dominio.evento.EventoTest" time="0.006"/>
  <testcase name="testAdicionarParticipanteQuandoLotado" classname="br.edu.cesar.eventos.dominio.evento.EventoTest" time="0.001"/>
</testsuite>