<?xml version="1.0" encoding="UTF-8"?>
<testsuite xmlns:xsi="http://www.w3.org/2001/XMLSchema-instance" xsi:noNamespaceSchemaLocation="https://maven.apache.org/surefire/maven-surefire-plugin/xsd/surefire-test-report-3.0.xsd" version="3.0" name="br.edu.cesar.runners.CucumberRunner" time="0.464" tests="2" errors="0" skipped="0" failures="0">
  <properties>
[...]
</properties>
  <testcase name="Criar evento com sucesso" classname="Criar Evento" time="0.052">
    <system-out><![CDATA[
Cenário: Criar evento com sucesso                   # src/test/resources/features/CriarEvento.feature:7
  Dado que eu sou um organizador                    # br.edu.cesar.steps.CriarEventoSteps.queEuSouUmOrganizador()
  Quando eu criar um evento com os seguintes dados: # br.edu.cesar.steps.CriarEventoSteps.euCriarUmEventoComOsSeguintesDados(io.cucumber.datatable.DataTable)
    | nome      | Local Tech Conference 2024 |
    | data      | 2024-12-01                 |
    | local     | Centro de Convenções       |
    | categoria | Tecnologia                 |
  Então o evento deve ser criado com sucesso        # br.edu.cesar.steps.CriarEventoSteps.oEventoDeveSerCriadoComSucesso()
  E devo receber uma confirmação                    # br.edu.cesar.steps.CriarEventoSteps.devoReceberUmaConfirmacao()
]]></system-out>
  </testcase>
  <testcase name="Tentar criar evento sem nome" classname="Criar Evento" time="0.0">
    <system-out><![CDATA[
Cenário: Tentar criar evento sem nome                                         # src/test/resources/features/CriarEvento.feature:17
  Dado que eu sou um organizador                                              # br.edu.cesar.steps.CriarEventoSteps.queEuSouUmOrganizador()
  Quando eu tentar criar um evento sem nome                                   # br.edu.cesar.steps.CriarEventoSteps.euTentarCriarUmEventoSemNome()
  Então devo receber uma mensagem de erro informando que o nome é obrigatório # br.edu.cesar.steps.CriarEventoSteps.devoReceberUmaMensagemDeErroInformandoQueONomeEObrigatorio()
]]></system-out>
  </testcase>
</testsuite>